procs -----------memory---------- ---swap-- -----io---- -system-- ------cpu-----
 r  b   swpd   free   buff  cache   si   so    bi    bo   in   cs us sy id wa st
 0  0      0 58516512 164052 3309180    0    0     2     2   17   28  0  0 100  0  0
 0  0      0 58517232 164068 3309168    0    0     0    52 6585 9930  1  0 99  0  0
 0  0      0 58516728 164116 3309188    0    0     0   100 5506 7300  1  0 99  0  0
 0  0      0 58516316 164132 3309172    0    0     0   716 4989 6765  1  0 99  0  0
 0  0      0 58518584 164148 3309188    0    0     0    84 34122 64324  1  2 98  0  0
 1  0      0 58518760 164196 3309188    0    0     0   100 7468 11289  1  0 99  0  0
 1  0      0 58524956 164220 3309164    0    0     0    52 7293 11039  1  0 99  0  0
 4  0      0 58517680 164220 3309188    0    0     0  1384 7678 10606  1  1 98  0  0
 0  0      0 58531348 164252 3309196    0    0     0   212 17781 31681  1  1 99  0  0
 1  0      0 58531116 164252 3309200    0    0     0     0 6750 10040  1  0 99  0  0
 0  0      0 58531116 164292 3309184    0    0     0   256 12887 22188  1  1 99  0  0
 0  0      0 58531116 164316 3309176    0    0     0    52 16540 29526  1  1 99  0  0
 1  0      0 58534588 164316 3309200    0    0     0     0 9619 15948  1  1 99  0  0
 0  0      0 58549348 164372 3309236    0    0     0   220 9368 15573  0  0 99  0  0
 0  0      0 58553608 164388 3309220    0    0     0   316 9843 16115  1  0 99  0  0
 0  0      0 58557112 164396 3309020    0    0     0   380 8664 13949  1  0 99  0  0
 1  0      0 58552888 164444 3308980    0    0     0   164 11266 19006  1  1 99  0  0
 5  0      0 58552128 164492 3308996    0    0     0   100 10316 17269  1  0 99  0  0
 0  0      0 58551876 164492 3309028    0    0     0     4 11057 18965  1  0 99  0  0
 1  0      0 58548036 164492 3309028    0    0     0     0 10870 18332  1  1 99  0  0
 0  0      0 58553680 164556 3309028    0    0     0   172 18033 32654  1  1 98  0  0
procs -----------memory---------- ---swap-- -----io---- -system-- ------cpu-----
 r  b   swpd   free   buff  cache   si   so    bi    bo   in   cs us sy id wa st
 0  0      0 58553172 164572 3309028    0    0     0   128 8244 13325  1  0 99  0  0
 0  0      0 58557148 164572 3309028    0    0     0     0 5952 8984  1  0 99  0  0
 0  0      0 58552420 164596 3309028    0    0     0    56 19772 36059  1  1 98  0  0
 0  0      0 58556900 164596 3309028    0    0     0     0 9375 15649  0  0 99  0  0
 0  0      0 58551164 164660 3309032    0    0     0   348 12312 21554  1  1 99  0  0
 1  0      0 58551164 164660 3309032    0    0     0     8 9065 14943  1  1 99  0  0
 0  0      0 58555388 164676 3309016    0    0     0    56 10140 17052  1  1 99  0  0
 0  0      0 58550912 164700 3309032    0    0     0    56 11289 20062  0  1 99  0  0
 0  0      0 58550404 164748 3308984    0    0     0   104 13708 23838  1  1 98  0  0
 0  0      0 58554884 164764 3309032    0    0     0    36 7571 12024  1  0 99  0  0
 0  0      0 58550404 164764 3309032    0    0     0     4 6619 10167  0  0 99  0  0
 0  0      0 58550152 164788 3309036    0    0     0    68 13826 24602  1  1 99  0  0
 0  0      0 58550152 164804 3309036    0    0     0    40 13840 24518  1  1 98  0  0
 0  0      0 58549684 164852 3309036    0    0     0   104 19924 35690  1  1 98  0  0
 0  0      0 58553908 164852 3309036    0    0     0     0 12839 22304  1  1 99  0  0
 0  0      0 58551204 164876 3309012    0    0     0    56 9070 14991  2  0 98  0  0
 0  0      0 58550840 164876 3308824    0    0     0    12 12678 21070  1  1 98  0  0
 0  0      0 58550844 164900 3308800    0    0     0    84 13123 22452  1  1 99  0  0
 0  0      0 58550588 164972 3308828    0    0     0   156 18094 32157  1  1 98  0  0
 0  0      0 58555324 164972 3308828    0    0     0     0 6880 10884  0  0 100  0  0
 0  0      0 58550588 164972 3308828    0    0     0     0 11263 19256  1  0 99  0  0
procs -----------memory---------- ---swap-- -----io---- -system-- ------cpu-----
 r  b   swpd   free   buff  cache   si   so    bi    bo   in   cs us sy id wa st
 0  0      0 58550340 165020 3308796    0    0     0   104 19256 34589  1  1 98  0  0
 0  0      0 58550340 165044 3308836    0    0     0   124 11996 20635  1  1 99  0  0
 0  0      0 58550596 165068 3308812    0    0     0    60 9904 16112  1  0 99  0  0
 1  0      0 58550088 165092 3308836    0    0     0    52 9584 15522  0  0 99  0  0
 0  0      0 58550088 165108 3308820    0    0     0    40 9447 15497  1  1 99  0  0
 1  0      0 58550348 165132 3308828    0    0     0    68 10641 17662  1  1 98  0  0
 1  0      0 58550348 165180 3308832    0    0     0   100 12913 22161  1  1 99  0  0
 0  0      0 58550416 165204 3308816    0    0     0    76 10597 16884  1  1 98  0  0
 0  0      0 58562208 165204 3308840    0    0     0     0 12274 21020  1  1 99  0  0
 0  0      0 58562216 165228 3308816    0    0     0    56 11563 19123  1  1 99  0  0
 0  0      0 58557736 165252 3308816    0    0     0    56 10716 18065  1  1 98  0  0
 0  0      0 58562216 165300 3308800    0    0     0   100 11619 19706  1  0 99  0  0
 1  0      0 58561708 165324 3308840    0    0     0    72 9263 15231  1  0 99  0  0
 0  0      0 58556976 165324 3308840    0    0     0     0 7386 11399  0  0 99  0  0
 0  0      0 58561456 165348 3308840    0    0     0    52 11216 19141  1  1 99  0  0
 0  0      0 58555468 165372 3308824    0    0     0    52 10001 16042  1  1 99  0  0
 0  0      0 58559948 165388 3308824    0    0     0    40 17295 30794  1  1 98  0  0
 0  0      0 58559692 165412 3308840    0    0     0    60 8775 14223  1  0 99  0  0
 0  0      0 58559948 165412 3308840    0    0     0     0 5828 8731  0  0 99  0  0
 0  0      0 58555212 165436 3308840    0    0     0    64 10504 17087  2  2 96  0  0
 0  0      0 58566032 165484 3308792    0    0     0   116 16795 29654  1  1 98  0  0
procs -----------memory---------- ---swap-- -----io---- -system-- ------cpu-----
 r  b   swpd   free   buff  cache   si   so    bi    bo   in   cs us sy id wa st
 0  0      0 58565524 165500 3308848    0    0     0    40 8273 13241  1  0 99  0  0
 0  0      0 58565272 165524 3308824    0    0     0    56 11295 19330  1  0 99  0  0
 1  0      0 58565528 165548 3308824    0    0     0    56 12252 21131  1  0 99  0  0
 1  0      0 58565272 165548 3308848    0    0     0     0 10559 17761  1  1 99  0  0
 0  0      0 58569752 165596 3308800    0    0     0   124 14263 24610  1  1 98  0  0
 0  0      0 58576096 165612 3308852    0    0     0    36 13802 23792  1  1 99  0  0
 0  0      0 58571616 165636 3308852    0    0     0   240 9185 14566  0  0 99  0  0
 0  0      0 58571116 165660 3308828    0    0     0   108 8951 13959  1  0 99  0  0
 0  0      0 58575348 165660 3308856    0    0     0     0 7436 11347  1  0 99  0  0
 0  0      0 58570360 165724 3308816    0    0     0   132 13520 22670  1  1 98  0  0
 0  0      0 58575096 165748 3308856    0    0     0   108 7216 10827  1  0 99  0  0
 0  0      0 58574840 165748 3308856    0    0     0     4 6634 9994  1  0 99  0  0
 0  0      0 58570360 165772 3308852    0    0     0    60 9100 14063  1  0 99  0  0
 0  0      0 58570616 165796 3308852    0    0     0    56 9367 14977  1  0 99  0  0
 0  0      0 58575096 165844 3308828    0    0     0   100 9936 16050  1  1 99  0  0
 0  0      0 58574592 165844 3308852    0    0     0    12 7646 11552  1  0 99  0  0
 0  0      0 58574592 165868 3308852    0    0     0    52 11378 19121  1  1 99  0  0
 0  0      0 58570368 165908 3308812    0    0     0    96 11451 18536  1  0 99  0  0
 1  0      0 58569860 165932 3308852    0    0     0    56 8655 13109  1  0 99  0  0
 1  0      0 58569356 165948 3308836    0    0     0    36 11314 18604  1  1 99  0  0
 0  0      0 58573580 165948 3308852    0    0     0     0 8498 13533  1  0 99  0  0
procs -----------memory---------- ---swap-- -----io---- -system-- ------cpu-----
 r  b   swpd   free   buff  cache   si   so    bi    bo   in   cs us sy id wa st
 0  0      0 58573836 165972 3308852    0    0     0    64 9603 15404  1  0 99  0  0
 0  0      0 58569100 165996 3308852    0    0     0    56 13938 23927  1  1 99  0  0
 0  0      0 58573580 165996 3308852    0    0     0     4 7089 10516  1  0 99  0  0
 0  0      0 58569360 166044 3308832    0    0     0   104 11883 19984  1  1 99  0  0
 0  0      0 58569104 166044 3308856    0    0     0     0 8009 12343  1  0 99  0  0
 0  0      0 58573072 166084 3308816    0    0     0    84 11959 19889  1  1 99  0  0
 0  0      0 58568848 166108 3308856    0    0     0    68 8775 13637  1  0 99  0  0
 2  0      0 58573332 166108 3308856    0    0     0     0 7253 10672  1  0 99  0  0
 0  0      0 58572572 166132 3308856    0    0     0    68 14415 24881  1  1 98  0  0
 0  0      0 58568348 166156 3308840    0    0     0    52 9376 15171  1  0 99  0  0
 0  0      0 58572572 166180 3308832    0    0     0    52 9576 15566  1  0 99  0  0
 0  0      0 58572572 166196 3308856    0    0     0    64 9973 16381  0  0 99  0  0
 0  0      0 58568348 166220 3308856    0    0     0    52 10087 16204  1  0 99  0  0
 0  0      0 58572828 166220 3308856    0    0     0     4 7519 11792  1  0 99  0  0
 0  0      0 58572320 166244 3308856    0    0     0    68 9131 14174  1  0 99  0  0
 0  0      0 58568096 166260 3308844    0    0     0    36 13298 22695  1  1 99  0  0
 1  0      0 58570300 166284 3308836    0    0     0   120 7397 11216  1  0 99  0  0
 0  0      0 58570304 166332 3308860    0    0     0   308 20045 35778  1  1 98  0  0
 0  0      0 58565824 166332 3308860    0    0     0     0 9608 15701  1  0 99  0  0
 0  0      0 58570188 166356 3308860    0    0     0    56 12347 21271  1  1 99  0  0
 0  0      0 58574412 166356 3308860    0    0     0     0 14664 25601  1  1 99  0  0
procs -----------memory---------- ---swap-- -----io---- -system-- ------cpu-----
 r  b   swpd   free   buff  cache   si   so    bi    bo   in   cs us sy id wa st
 0  0      0 58569936 166380 3308872    0    0     0   216 9150 14709  1  0 99  0  0
 0  0      0 58569936 166404 3308848    0    0     0    88 10470 17278  1  0 99  0  0
 0  0      0 58574160 166404 3308872    0    0     0     0 8682 14082  1  1 99  0  0
 0  0      0 58570192 166428 3308848    0    0     0    68 6958 10216  1  0 99  0  0
 0  0      0 58569936 166444 3308872    0    0     0    36 13717 23425  1  1 99  0  0
 1  0      0 58569936 166460 3308856    0    0     0    44 9213 14647  1  0 99  0  0
 0  0      0 58569936 166508 3308872    0    0     0   104 11593 19440  1  0 99  0  0
 0  0      0 58569680 166532 3308872    0    0     0    72 6065 8447  0  0 99  0  0
 0  0      0 58574160 166532 3308872    0    0     0    20 6586 9598  1  0 99  0  0
 0  0      0 58569428 166548 3308872    0    0     0    40 10430 16951  1  0 99  0  0
 0  0      0 58574164 166572 3308852    0    0     0    60 17795 31648  1  1 99  0  0
 1  0      0 58573660 166612 3308880    0    0     0    88 9269 14370  1  0 99  0  0
 0  0      0 58567412 166636 3308880    0    0     0    52 10544 17284  1  1 99  0  0
 0  0      0 58572148 166636 3308880    0    0     0     0 8320 13251  1  0 99  0  0
 0  0      0 58567668 166684 3308880    0    0     0   116 15037 25786  1  1 99  0  0
 0  0      0 58567412 166684 3308880    0    0     0     8 10597 17382  1  1 99  0  0
 0  0      0 58571644 166756 3308884    0    0     0   184 16677 28771  2  2 96  0  0
 0  0      0 58567164 166756 3308888    0    0     0     0 8212 12912  0  0 99  0  0
 0  0      0 58566912 166780 3308864    0    0     0    68 9814 15772  1  0 99  0  0
 0  0      0 58566912 166804 3308892    0    0     0    52 14848 25576  1  1 98  0  0
 0  0      0 58566912 166820 3308892    0    0     0    80 9446 15062  1  0 99  0  0
procs -----------memory---------- ---swap-- -----io---- -system-- ------cpu-----
 r  b   swpd   free   buff  cache   si   so    bi    bo   in   cs us sy id wa st
 0  0      0 58566912 166844 3308892    0    0     0    60 11968 20069  1  1 99  0  0
 0  0      0 58566912 166844 3308892    0    0     0     0 7259 11261  0  0 99  0  0
 0  0      0 58567168 166868 3308892    0    0     0    52 9749 15854  1  1 99  0  0
 0  0      0 58567168 166892 3308868    0    0     0    52 11904 19785  1  1 99  0  0
 0  0      0 58566912 166916 3308896    0    0     0    52 10520 16996  1  0 99  0  0
 0  0      0 58566912 166964 3308876    0    0     0   140 14454 24655  0  1 99  0  0
 0  0      0 58566912 166964 3308900    0    0     0     0 9699 15602  0  0 99  0  0
 0  0      0 58566912 166988 3308876    0    0     0    52 10959 17620  1  0 99  0  0
 0  0      0 58565900 167012 3308900    0    0     0    52 13771 23465  1  1 99  0  0
 0  0      0 58566156 167036 3308900    0    0     0    52 11624 19073  1  1 99  0  0
 0  0      0 58566284 167076 3308884    0    0     0   116 10315 16736  1  1 99  0  0
 0  0      0 58561048 167076 3308900    0    0     0     0 8619 13632  1  0 99  0  0
 1  0      0 58561304 167092 3308900    0    0     0    40 11647 19482  1  1 99  0  0
 0  0      0 58565784 167116 3308900    0    0     0    52 9258 14947  1  0 99  0  0
 0  0      0 58561304 167164 3308904    0    0     0   100 10887 17659  1  0 99  0  0
 0  0      0 58561048 167188 3308904    0    0     0    56 10074 16626  0  1 99  0  0
 0  0      0 58565528 167188 3308904    0    0     0     8 6406 9946  0  0 99  0  0
 0  0      0 58561048 167204 3308888    0    0     0    56 7206 10701  1  0 99  0  0
 0  0      0 58563096 167204 3308904    0    0     0     0 11517 19163  1  1 99  0  0
 0  0      0 58567576 167252 3308880    0    0     0   100 21012 37945  1  1 98  0  0
 0  0      0 58563352 167252 3308904    0    0     0     4 6701 10652  0  0 99  0  0
procs -----------memory---------- ---swap-- -----io---- -system-- ------cpu-----
 r  b   swpd   free   buff  cache   si   so    bi    bo   in   cs us sy id wa st
 0  0      0 58563352 167252 3308900    0    0     0     0 7110 10777  1  0 99  0  0
 0  0      0 58563100 167276 3308876    0    0     0    60 13552 22810  1  1 99  0  0
 0  0      0 58563100 167300 3308876    0    0     0    56 11587 19179  1  0 99  0  0
 0  0      0 58572816 167348 3308880    0    0     0   116 20095 36263  1  1 99  0  0
 0  0      0 58572816 167348 3308904    0    0     0     4 7117 11411  0  0 99  0  0
 0  0      0 58568340 167348 3308904    0    0     0     0 9158 14961  1  0 99  0  0
 0  0      0 58567836 167388 3308904    0    0     0    92 15660 27581  1  1 98  0  0
 0  0      0 58572188 167412 3308904    0    0     0    68 7124 10898  1  0 99  0  0
 0  0      0 58566604 167428 3308908    0    0     0    36 11667 19489  1  0 99  0  0
 0  0      0 58566604 167428 3308908    0    0     0     4 6448 9659  1  0 99  0  0
 0  0      0 58570328 167428 3308908    0    0     0     0 8167 13156  0  0 99  0  0
 0  0      0 58565092 167500 3308836    0    0     0   168 19266 34551  1  1 98  0  0
 0  0      0 58563576 167500 3308912    0    0     0     4 7321 10846  1  0 99  0  0
 0  0      0 58567804 167548 3308888    0    0     0   100 11149 18562  1  0 99  0  0
 0  0      0 58563580 167548 3308912    0    0     0     4 6920 10435  0  0 99  0  0
 0  0      0 58563580 167572 3308888    0    0     0    56 13159 22404  1  1 99  0  0
 0  0      0 58563452 167596 3308912    0    0     0    64 15528 27013  1  1 98  0  0
 0  0      0 58563324 167620 3308888    0    0     0    52 12926 22176  1  0 99  0  0
 0  0      0 58567808 167644 3308916    0    0     0    56 8760 14227  1  0 99  0  0
 0  0      0 58563072 167644 3308916    0    0     0     0 7598 12248  1  0 99  0  0
 0  0      0 58563076 167644 3308916    0    0     0     4 8578 13848  1  1 99  0  0
procs -----------memory---------- ---swap-- -----io---- -system-- ------cpu-----
 r  b   swpd   free   buff  cache   si   so    bi    bo   in   cs us sy id wa st
 1  0      0 58562820 167692 3308916    0    0     0   104 10771 17771  1  1 99  0  0
 0  0      0 58566796 167756 3308916    0    0     0   152 12207 20604  1  1 98  0  0
 0  0      0 58567052 167756 3308916    0    0     0     0 5176 7607  0  0 99  0  0
 1  0      0 58567052 167756 3308916    0    0     0     4 9268 14997  0  1 99  0  0
 0  0      0 58566796 167772 3308900    0    0     0    44 9962 16308  1  0 99  0  0
 0  0      0 58562316 167820 3308920    0    0     0   104 13743 23747  1  1 98  0  0
 0  0      0 58566544 167836 3308904    0    0     0    48 12832 21468  0  1 99  0  0
 0  0      0 58566544 167844 3308928    0    0     0    44 6281 8890  0  0 99  0  0
 0  0      0 58562064 167844 3308924    0    0     0     0 7210 11289  0  0 99  0  0
 0  0      0 58562068 167868 3308900    0    0     0   124 13223 22280  1  1 98  0  0
 0  0      0 58566044 167892 3308924    0    0     0    52 12986 22373  1  1 99  0  0
 0  0      0 58565792 167940 3308924    0    0     0   100 10426 17426  1  1 99  0  0
 1  0      0 58561056 167940 3308924    0    0     0    64 7790 12433  0  1 99  0  0
 0  0      0 58565536 167940 3308924    0    0     0     0 10333 17391  1  2 96  0  0
 0  0      0 58561060 167988 3308884    0    0     0   116 12768 21388  1  0 99  0  0
 0  0      0 58561060 168028 3308896    0    0     0    84 12539 20814  1  1 99  0  0
 0  0      0 58565028 168028 3308932    0    0     0     0 11274 18915  1  0 99  0  0
 0  0      0 58561060 168028 3308932    0    0     0     0 5965 8759  1  0 99  0  0
 0  0      0 58561060 168028 3308932    0    0     0     0 9171 15198  0  1 99  0  0
 0  0      0 58565544 168076 3308908    0    0     0   132 13145 22842  1  1 99  0  0
 0  0      0 58560552 168100 3308908    0    0     0    72 10489 16882  1  0 99  0  0
procs -----------memory---------- ---swap-- -----io---- -system-- ------cpu-----
 r  b   swpd   free   buff  cache   si   so    bi    bo   in   cs us sy id wa st
 0  0      0 58572348 168124 3308912    0    0     0    52 12029 19991  0  0 99  0  0
 0  0      0 58571836 168124 3308936    0    0     0     0 9766 15659  1  0 99  0  0
 0  0      0 58567360 168172 3308888    0    0     0   116 9279 14490  1  0 99  0  0
 1  0      0 58571840 168172 3308988    0    0     0     4 8540 12997  1  1 99  0  0
 0  0      0 58571588 168196 3308964    0    0     0    96 11276 18472  1  0 99  0  0
 0  0      0 58567112 168244 3308952    0    0     0   104 13637 23368  1  0 99  0  0
 0  0      0 58571080 168244 3309000    0    0     0     0 10050 16648  1  1 99  0  0
 0  0      0 58566856 168292 3309000    0    0     0   100 12604 21168  0  1 99  0  0
 0  0      0 58566352 168292 3309000    0    0     0     4 7796 11893  1  0 99  0  0
 0  0      0 58566096 168332 3308984    0    0     0    88 9636 14923  1  0 99  0  0
 0  0      0 58570832 168360 3309000    0    0     0   104 10420 16530  1  1 99  0  0
 0  0      0 58566096 168360 3309004    0    0     0     0 8955 13821  1  0 99  0  0
 0  0      0 58570832 168376 3309012    0    0     0    56 14467 25122  1  1 99  0  0
 0  0      0 58566480 168400 3308988    0    0     0    60 11894 20232  1  1 99  0  0
 0  0      0 58562256 168400 3309012    0    0     0     0 8176 12766  1  0 99  0  0
 0  0      0 58566736 168448 3309016    0    0     0   160 10832 18370  1  1 99  0  0
 0  0      0 58562256 168464 3309000    0    0     0    52 10391 17679  0  0 99  0  0
 0  0      0 58562256 168488 3309016    0    0     0    52 7718 12308  1  0 99  0  0
 0  0      0 58566736 168520 3309016    0    0     0   124 12209 20430  1  0 99  0  0
 1  0      0 58566736 168544 3308992    0    0     0    56 10097 16043  1  0 99  0  0
 0  0      0 58562256 168568 3309016    0    0     0    52 7019 10619  1  0 99  0  0
procs -----------memory---------- ---swap-- -----io---- -system-- ------cpu-----
 r  b   swpd   free   buff  cache   si   so    bi    bo   in   cs us sy id wa st
 0  0      0 58562256 168592 3308992    0    0     0    56 8311 13166  0  0 99  0  0
 0  0      0 58562256 168616 3308992    0    0     0   136 12822 22073  1  1 99  0  0
 0  0      0 58562256 168664 3308972    0    0     0   100 10022 16575  1  0 98  0  0
 0  0      0 58561748 168680 3309020    0    0     0    44 10105 16684  1  0 99  0  0
 1  0      0 58562004 168680 3309020    0    0     0     0 7642 11876  1  0 99  0  0
 0  0      0 58561748 168704 3309020    0    0     0    56 13539 23706  1  1 99  0  0
 0  0      0 58562004 168728 3308996    0    0     0    76 8037 12316  1  0 99  0  0
 1  0      0 58566228 168752 3309024    0    0     0    52 12508 21198  1  1 99  0  0
 0  0      0 58566228 168752 3309024    0    0     0     4 7849 12315  1  0 99  0  0
 0  0      0 58562004 168800 3309004    0    0     0   104 16476 29287  1  1 98  0  0
 0  0      0 58565472 168800 3309028    0    0     0     0 6203 9399  1  0 99  0  0
 0  0      0 58561248 168816 3309028    0    0     0    56 8443 13837  0  0 99  0  0
 1  0      0 58565600 168856 3308988    0    0     0   108 11575 19805  1  0 99  0  0
 0  0      0 58560996 168880 3309032    0    0     0    60 11984 20633  1  1 99  0  0
 0  0      0 58560996 168904 3309032    0    0     0    52 11700 19953  1  1 99  0  0
 1  0      0 58561644 168920 3309032    0    0     0    36 7294 10969  1  0 99  0  0
 0  0      0 58561752 168944 3309032    0    0     0    52 13045 22470  1  1 99  0  0
 0  0      0 58561496 168944 3309032    0    0     0     0 9110 14781  1  0 99  0  0
 0  0      0 58561752 168984 3309032    0    0     0   100 13693 23346  1  1 99  0  0
 0  0      0 58561528 169024 3308992    0    0     0    88 11143 18718  1  1 99  0  0
 0  0      0 58561784 169048 3309036    0    0     0    68 10034 16519  1  1 99  0  0
procs -----------memory---------- ---swap-- -----io---- -system-- ------cpu-----
 r  b   swpd   free   buff  cache   si   so    bi    bo   in   cs us sy id wa st
 0  0      0 58561276 169048 3309032    0    0     0     0 7168 10910  0  0 99  0  0
 0  0      0 58565500 169048 3309032    0    0     0     0 7069 10720  0  0 99  0  0
 0  0      0 58561020 169088 3309008    0    0     0   116 10552 17660  1  0 99  0  0
 0  0      0 58565500 169088 3309032    0    0     0     4 8068 12948  1  0 99  0  0
 0  0      0 58561276 169136 3308984    0    0     0   120 10384 16707  1  0 99  0  0
 0  0      0 58561276 169136 3309040    0    0     0     0 6230 8878  0  0 99  0  0
 0  0      0 58564748 169160 3309016    0    0     0    56 9301 14795  1  0 99  0  0
 0  0      0 58563736 169184 3309040    0    0     0    96 12929 22362  1  1 99  0  0
 0  0      0 58559640 169184 3309040    0    0     0     0 6997 10351  1  0 99  0  0
 0  0      0 58559900 169232 3309048    0    0     0   104 14328 24509  1  0 99  0  0
 0  0      0 58558128 169232 3309048    0    0     0   180 7371 11421  2  2 96  0  0
 0  0      0 58553664 169256 3309052    0    0     0   104 8327 13394  1  1 99  0  0
 0  0      0 58553664 169280 3309052    0    0     0   116 9897 16485  1  1 99  0  0
 0  0      0 58553408 169320 3309052    0    0     0    88 8941 14489  1  0 99  0  0
 0  0      0 58553664 169344 3309052    0    0     0    52 9249 14932  0  0 99  0  0
 0  0      0 58557384 169344 3309052    0    0     0     0 8898 14460  1  1 99  0  0
 0  0      0 58557384 169368 3309040    0    0     0    52 8653 14039  0  0 99  0  0
 0  0      0 58553160 169392 3309056    0    0     0    56 11641 20061  1  1 98  0  0
 0  0      0 58552652 169432 3309056    0    0     0   100 9249 15084  1  0 99  0  0
 0  0      0 58557644 169432 3309056    0    0     0     0 12576 21415  1  1 99  0  0
 0  0      0 58557388 169432 3309056    0    0     0     0 8678 13941  1  0 99  0  0
procs -----------memory---------- ---swap-- -----io---- -system-- ------cpu-----
 r  b   swpd   free   buff  cache   si   so    bi    bo   in   cs us sy id wa st
 0  0      0 58552908 169480 3309060    0    0     0   100 10887 18170  1  0 99  0  0
 0  0      0 58552656 169504 3309060    0    0     0    52 11314 19572  1  1 99  0  0
 1  0      0 58556880 169504 3309060    0    0     0     8 6236 9716  1  0 99  0  0
 0  0      0 58556628 169552 3309012    0    0     0   104 8895 14775  1  0 99  0  0
 0  0      0 58556628 169552 3309060    0    0     0     4 6743 10965  1  0 99  0  0
 0  1      0 58552656 169592 3309052    0    0     0    84 13955 24791  1  1 98  0  0
 0  0      0 58564060 169616 3309036    0    0     0    52 11085 18691  1  0 99  0  0
 0  0      0 58558472 169640 3309060    0    0     0    60 11399 18872  1  0 99  0  0
 0  0      0 58558224 169664 3309064    0    0     0    72 10759 18504  1  0 99  0  0
 0  0      0 58558228 169664 3309064    0    0     0     0 7844 12733  0  0 99  0  0
 0  0      0 58562708 169704 3309024    0    0     0    88 16118 28741  1  1 98  0  0
 1  0      0 58557972 169704 3309068    0    0     0     0 8902 14561  1  0 99  0  0
 0  0      0 58557972 169744 3309072    0    0     0    92 13960 24757  1  1 99  0  0
 0  0      0 58557972 169744 3309072    0    0     0    12 7413 11549  0  0 99  0  0
 0  0      0 58558228 169744 3309072    0    0     0     0 6458 9599  0  0 99  0  0
 0  0      0 58557724 169768 3309048    0    0     0    92 18463 32743  1  1 98  0  0
 0  0      0 58561700 169768 3309076    0    0     0     0 13073 22573  1  1 99  0  0
 0  0      0 58556968 169792 3309076    0    0     0    56 12565 21686  1  1 99  0  0
 0  0      0 58556712 169792 3309076    0    0     0     0 9392 15532  1  1 99  0  0
 0  0      0 58556968 169792 3309076    0    0     0     0 10416 17381  1  1 99  0  0
 0  0      0 58556716 169840 3309028    0    0     0   172 15519 26968  1  1 98  0  0
procs -----------memory---------- ---swap-- -----io---- -system-- ------cpu-----
 r  b   swpd   free   buff  cache   si   so    bi    bo   in   cs us sy id wa st
 0  0      0 58560688 169840 3309080    0    0     0     0 7893 12422  1  0 99  0  0
 0  0      0 58561200 169888 3309056    0    0     0   104 9903 16194  0  0 99  0  0
 0  0      0 58556464 169888 3309080    0    0     0     0 7625 11876  0  0 99  0  0
 0  0      0 58556464 169888 3309080    0    0     0     0 8826 14215  1  0 99  0  0
 0  0      0 58556464 169960 3309084    0    0     0   152 15708 27614  1  1 98  0  0
 0  0      0 58556212 169984 3309084    0    0     0    52 7252 10857  1  0 99  0  0
 0  0      0 58556212 170000 3309084    0    0     0    52 7054 10695  1  0 99  0  0
 0  0      0 58559932 170000 3309084    0    0     0     0 7346 11887  0  0 99  0  0
 0  0      0 58555708 170048 3309088    0    0     0   104 10072 16386  1  1 99  0  0
 0  0      0 58567552 170064 3309088    0    0     0    44 12250 20958  1  1 99  0  0
 0  0      0 58567048 170088 3309064    0    0     0    64 11704 20868  1  1 99  0  0
 0  0      0 58562312 170112 3309088    0    0     0    56 6866 11264  1  0 99  0  0
 0  0      0 58562312 170112 3309088    0    0     0     0 9897 16780  1  0 99  0  0
 0  0      0 58561808 170152 3309072    0    0     0   112 11520 19724  1  1 99  0  0
 0  0      0 58561812 170152 3309088    0    0     0     0 12721 22177  1  1 98  0  0
 0  0      0 58561812 170200 3309040    0    0     0   104 11160 18412  1  0 99  0  0
 0  0      0 58566036 170200 3309088    0    0     0     4 9282 15325  0  0 99  0  0
 0  0      0 58561560 170224 3309064    0    0     0    60 12020 20458  1  1 99  0  0
 1  0      0 58561560 170248 3309092    0    0     0    68 9780 15876  1  1 99  0  0
 0  0      0 58565784 170272 3309092    0    0     0    52 12077 20762  1  1 99  0  0
 0  0      0 58561304 170296 3309096    0    0     0    56 10085 16454  1  0 99  0  0
procs -----------memory---------- ---swap-- -----io---- -system-- ------cpu-----
 r  b   swpd   free   buff  cache   si   so    bi    bo   in   cs us sy id wa st
 0  0      0 58560804 170320 3309072    0    0     0    60 12744 21812  1  1 99  0  0
 1  0      0 58560804 170320 3309096    0    0     0     8 13017 22635  1  1 99  0  0
 0  0      0 58560324 170360 3309056    0    0     0   104 11064 18641  1  1 99  0  0
 0  0      0 58564540 170360 3309056    0    0     0    24 8886 14579  1  1 98  0  0
 0  0      0 58569092 170384 3309096    0    0     0    56 9823 16557  1  0 99  0  0
 0  0      0 58564616 170400 3309088    0    0     0    52 8494 13714  1  0 99  0  0
 0  0      0 58564616 170424 3309088    0    0     0    60 11327 18460  1  1 99  0  0
 0  0      0 58567580 170424 3309100    0    0     0     0 7228 10554  1  0 99  0  0
 0  0      0 58566824 170472 3309100    0    0     0   100 8512 13024  1  0 99  0  0
 0  0      0 58566824 170472 3309100    0    0     0    20 7550 11493  1  0 99  0  0
 0  0      0 58566600 170472 3309100    0    0     0     4 9899 15696  1  0 99  0  0
 0  0      0 58561864 170504 3309068    0    0     0    72 8416 12666  1  0 99  0  0
 0  0      0 58566600 170552 3309100    0    0     0   104 95463 185704  1  5 94  0  0
 2  0      0 58564024 170576 3308940    0    0     0   896 116740 224917  2  6 92  0  0
 0  0      0 58563960 170576 3309108    0    0     0     0 113689 223091  1  7 92  0  0
 1  0      0 58573056 170576 3309108    0    0     0     0 114004 223427  1  5 94  0  0
 0  0      0 58563132 170600 3309068    0    0     0   164 74018 143460  1  3 96  0  0
 0  0      0 58569104 170664 3300332    0    0     0   144 17051 30131  3  1 96  0  0
 0  0      0 58590820 170684 3300608    0    0     0   104 5147 6716  1  0 99  0  0
 0  0      0 58591000 170684 3300756    0    0     0     0 4548 5785  0  0 99  0  0
 0  0      0 58590748 170708 3300732    0    0     0    88 4940 6448  1  0 99  0  0
procs -----------memory---------- ---swap-- -----io---- -system-- ------cpu-----
 r  b   swpd   free   buff  cache   si   so    bi    bo   in   cs us sy id wa st
 0  0      0 58590496 170732 3300760    0    0     0   240 4614 6104  1  0 99  0  0
 0  0      0 58589740 170780 3300712    0    0     0   440 5117 6674  1  0 99  0  0
 0  0      0 58588984 170804 3300504    0    0     0    96 5286 6928  1  0 99  0  0
 0  0      0 58588732 170804 3300504    0    0     0   212 4719 6261  1  0 99  0  0
 0  0      0 58588732 170844 3300504    0    0     0    96 4880 6653  1  0 99  0  0
 0  0      0 58588480 170868 3300460    0    0     0    84 4831 6586  0  0 100  0  0
 0  0      0 58588120 170892 3300436    0    0     0   132 4967 6772  0  0 99  0  0
 0  0      0 58588228 170916 3300460    0    0     0    56 4635 6501  1  0 99  0  0
 0  0      0 58588228 170940 3300436    0    0     0    52 4376 6095  0  0 100  0  0
 0  0      0 58587976 170964 3300460    0    0     0    52 10632 17902  1  1 99  0  0
 1  0      0 58588228 170964 3300460    0    0     0     4 4720 6148  0  0 100  0  0
 0  0      0 58588228 170988 3300460    0    0     0   104 5505 7391  1  0 99  0  0
 0  0      0 58587976 171012 3300464    0    0     0    52 4736 6394  0  0 100  0  0
 0  0      0 58585964 171036 3300480    0    0     0   128 39794 75885  1  2 97  0  0
 0  0      0 58585964 171060 3300460    0    0     0    64 15491 27334  1  1 99  0  0
 1  0      0 58585968 171084 3300488    0    0     0    64 65336 126681  1  4 95  0  0
 1  0      0 58585968 171108 3300464    0    0     0    64 103726 203608  1  5 94  0  0
 1  0      0 58586724 171148 3300488    0    0     0   180 111432 218542  1  6 93  0  0
 0  0      0 58586724 171148 3300488    0    0     0   516 34231 64677  1  1 98  0  0
 0  0      0 58586724 171172 3300488    0    0     0    76 5200 7525  0  0 99  0  0
 1  0      0 58586724 171172 3300488    0    0     0     4 9841 16553  1  1 99  0  0
procs -----------memory---------- ---swap-- -----io---- -system-- ------cpu-----
 r  b   swpd   free   buff  cache   si   so    bi    bo   in   cs us sy id wa st
 0  0      0 58584204 171220 3300488    0    0     0   104 9977 16206  1  0 99  0  0
 1  0      0 58589684 171268 3300460    0    0     0   172 11084 18159  3  1 96  0  0
 0  0      0 58575260 171292 3298892    0    0     0    88 64272 128140  9  5 85  0  0
 0  0      0 58570400 171292 3298924    0    0     0     0 11768 20162  0  1 99  0  0
 0  0      0 58576628 171292 3298924    0    0     0     0 13678 23391  1  1 98  0  0
 0  0      0 58571520 171356 3298924    0    0     0   192 20720 37446  1  1 98  0  0
 0  0      0 58569868 171380 3307160    0    0     0   700 36882 69526  1  2 97  0  0
 0  0      0 58569048 171404 3307144    0    0     0   272 10089 17013  1  0 99  0  0
 0  0      0 58568544 171404 3307168    0    0     0     0 5419 8197  0  0 99  0  0
 0  0      0 58563556 171420 3307152    0    0     0    36 33706 63214  1  2 97  0  0
 1  0      0 58562484 171468 3307172    0    0     0   128 16913 29560  1  1 98  0  0
 0  0      0 58566464 171468 3307172    0    0     0     0 8253 13067  1  1 99  0  0
 1  0      0 58582804 171492 3302620    0    0     0   112 18157 32379  1  1 98  0  0
 0  0      0 58582716 171492 3302516    0    0     0     0 33075 62060  1  1 98  0  0
