Linux 6.5.0-35-generic (sakiyamaserver-MS-7D95) 	2024年06月17日 	_x86_64_	(12 CPU)

11時53分35秒   UID       PID    %usr %system  %guest   %wait    %CPU   CPU  Command
11時53分40秒  1000     12731   15.60    0.20    0.00    0.00   15.80     4  tsurugidb

11時53分35秒   UID       PID  minflt/s  majflt/s     VSZ     RSS   %MEM  Command
11時53分40秒  1000     12731    451.20      0.00  418940   60308   0.09  tsurugidb

11時53分35秒   UID       PID   kB_rd/s   kB_wr/s kB_ccwr/s iodelay  Command
11時53分40秒  1000     12731      0.00     40.00      0.00       0  tsurugidb

11時53分40秒   UID       PID    %usr %system  %guest   %wait    %CPU   CPU  Command
11時53分45秒  1000     12731   13.80    0.40    0.00    0.00   14.20     4  tsurugidb

11時53分40秒   UID       PID  minflt/s  majflt/s     VSZ     RSS   %MEM  Command
11時53分45秒  1000     12731    512.80      0.00  410744   59644   0.09  tsurugidb

11時53分40秒   UID       PID   kB_rd/s   kB_wr/s kB_ccwr/s iodelay  Command
11時53分45秒  1000     12731      0.00     36.00      0.00       0  tsurugidb

11時53分45秒   UID       PID    %usr %system  %guest   %wait    %CPU   CPU  Command
11時53分50秒  1000     12731   14.60    0.80    0.00    0.00   15.40     4  tsurugidb

11時53分45秒   UID       PID  minflt/s  majflt/s     VSZ     RSS   %MEM  Command
11時53分50秒  1000     12731    540.20      0.00  418940   59760   0.09  tsurugidb

11時53分45秒   UID       PID   kB_rd/s   kB_wr/s kB_ccwr/s iodelay  Command
11時53分50秒  1000     12731      0.00     44.00      0.00       0  tsurugidb

11時53分50秒   UID       PID    %usr %system  %guest   %wait    %CPU   CPU  Command
11時53分55秒  1000     12731   14.00    0.80    0.00    0.00   14.80     4  tsurugidb

11時53分50秒   UID       PID  minflt/s  majflt/s     VSZ     RSS   %MEM  Command
11時53分55秒  1000     12731    478.80      0.00  418940   60016   0.09  tsurugidb

11時53分50秒   UID       PID   kB_rd/s   kB_wr/s kB_ccwr/s iodelay  Command
11時53分55秒  1000     12731      0.00     35.20      0.00       0  tsurugidb

11時53分55秒   UID       PID    %usr %system  %guest   %wait    %CPU   CPU  Command
11時54分00秒  1000     12731   15.80    1.20    0.00    0.00   17.00     4  tsurugidb

11時53分55秒   UID       PID  minflt/s  majflt/s     VSZ     RSS   %MEM  Command
11時54分00秒  1000     12731    485.00      0.00  418940   59900   0.09  tsurugidb

11時53分55秒   UID       PID   kB_rd/s   kB_wr/s kB_ccwr/s iodelay  Command
11時54分00秒  1000     12731      0.00     42.40      0.00       0  tsurugidb

11時54分00秒   UID       PID    %usr %system  %guest   %wait    %CPU   CPU  Command
11時54分05秒  1000     12731   15.00    0.20    0.00    0.00   15.20     4  tsurugidb

11時54分00秒   UID       PID  minflt/s  majflt/s     VSZ     RSS   %MEM  Command
11時54分05秒  1000     12731    479.20      0.00  418940   60256   0.09  tsurugidb

11時54分00秒   UID       PID   kB_rd/s   kB_wr/s kB_ccwr/s iodelay  Command
11時54分05秒  1000     12731      0.00     39.20      0.00       0  tsurugidb

11時54分05秒   UID       PID    %usr %system  %guest   %wait    %CPU   CPU  Command
11時54分10秒  1000     12731   15.40    0.20    0.00    0.00   15.60     4  tsurugidb

11時54分05秒   UID       PID  minflt/s  majflt/s     VSZ     RSS   %MEM  Command
11時54分10秒  1000     12731    412.80      0.00  418940   60112   0.09  tsurugidb

11時54分05秒   UID       PID   kB_rd/s   kB_wr/s kB_ccwr/s iodelay  Command
11時54分10秒  1000     12731      0.00     36.00      0.00       0  tsurugidb

11時54分10秒   UID       PID    %usr %system  %guest   %wait    %CPU   CPU  Command
11時54分15秒  1000     12731   15.80    0.20    0.00    0.00   16.00     4  tsurugidb

11時54分10秒   UID       PID  minflt/s  majflt/s     VSZ     RSS   %MEM  Command
11時54分15秒  1000     12731    465.60      0.00  418940   59924   0.09  tsurugidb

11時54分10秒   UID       PID   kB_rd/s   kB_wr/s kB_ccwr/s iodelay  Command
11時54分15秒  1000     12731      0.00     40.00      0.00       0  tsurugidb

11時54分15秒   UID       PID    %usr %system  %guest   %wait    %CPU   CPU  Command
11時54分20秒  1000     12731   14.40    0.60    0.00    0.00   15.00     4  tsurugidb

11時54分15秒   UID       PID  minflt/s  majflt/s     VSZ     RSS   %MEM  Command
11時54分20秒  1000     12731    473.60      0.00  418940   60124   0.09  tsurugidb

11時54分15秒   UID       PID   kB_rd/s   kB_wr/s kB_ccwr/s iodelay  Command
11時54分20秒  1000     12731      0.00     39.20      0.00       0  tsurugidb

11時54分20秒   UID       PID    %usr %system  %guest   %wait    %CPU   CPU  Command
11時54分25秒  1000     12731   14.40    0.80    0.00    0.00   15.20     4  tsurugidb

11時54分20秒   UID       PID  minflt/s  majflt/s     VSZ     RSS   %MEM  Command
11時54分25秒  1000     12731    464.80      0.00  418940   60208   0.09  tsurugidb

11時54分20秒   UID       PID   kB_rd/s   kB_wr/s kB_ccwr/s iodelay  Command
11時54分25秒  1000     12731      0.00     41.60      0.00       0  tsurugidb

11時54分25秒   UID       PID    %usr %system  %guest   %wait    %CPU   CPU  Command
11時54分30秒  1000     12731   15.00    0.20    0.00    0.00   15.20     4  tsurugidb

11時54分25秒   UID       PID  minflt/s  majflt/s     VSZ     RSS   %MEM  Command
11時54分30秒  1000     12731    511.60      0.00  418940   60684   0.09  tsurugidb

11時54分25秒   UID       PID   kB_rd/s   kB_wr/s kB_ccwr/s iodelay  Command
11時54分30秒  1000     12731      0.00     38.40      0.00       0  tsurugidb

11時54分30秒   UID       PID    %usr %system  %guest   %wait    %CPU   CPU  Command
11時54分35秒  1000     12731   14.00    0.80    0.00    0.00   14.80     4  tsurugidb

11時54分30秒   UID       PID  minflt/s  majflt/s     VSZ     RSS   %MEM  Command
11時54分35秒  1000     12731    406.80      0.00  418940   60360   0.09  tsurugidb

11時54分30秒   UID       PID   kB_rd/s   kB_wr/s kB_ccwr/s iodelay  Command
11時54分35秒  1000     12731      0.00     36.80      0.00       0  tsurugidb

11時54分35秒   UID       PID    %usr %system  %guest   %wait    %CPU   CPU  Command
11時54分40秒  1000     12731   14.60    0.80    0.00    0.00   15.40     4  tsurugidb

11時54分35秒   UID       PID  minflt/s  majflt/s     VSZ     RSS   %MEM  Command
11時54分40秒  1000     12731    511.80      0.00  418940   59612   0.09  tsurugidb

11時54分35秒   UID       PID   kB_rd/s   kB_wr/s kB_ccwr/s iodelay  Command
11時54分40秒  1000     12731      0.00     43.20      0.00       0  tsurugidb

11時54分40秒   UID       PID    %usr %system  %guest   %wait    %CPU   CPU  Command
11時54分45秒  1000     12731   14.80    0.00    0.00    0.00   14.80     4  tsurugidb

11時54分40秒   UID       PID  minflt/s  majflt/s     VSZ     RSS   %MEM  Command
11時54分45秒  1000     12731    439.00      0.00  418940   59888   0.09  tsurugidb

11時54分40秒   UID       PID   kB_rd/s   kB_wr/s kB_ccwr/s iodelay  Command
11時54分45秒  1000     12731      0.00     36.00      0.00       0  tsurugidb

11時54分45秒   UID       PID    %usr %system  %guest   %wait    %CPU   CPU  Command
11時54分50秒  1000     12731   14.80    0.60    0.00    0.00   15.40     4  tsurugidb

11時54分45秒   UID       PID  minflt/s  majflt/s     VSZ     RSS   %MEM  Command
11時54分50秒  1000     12731    565.20      0.00  418940   60152   0.09  tsurugidb

11時54分45秒   UID       PID   kB_rd/s   kB_wr/s kB_ccwr/s iodelay  Command
11時54分50秒  1000     12731      0.00     43.20      0.00       0  tsurugidb

11時54分50秒   UID       PID    %usr %system  %guest   %wait    %CPU   CPU  Command
11時54分55秒  1000     12731   14.80    0.20    0.00    0.00   15.00     4  tsurugidb

11時54分50秒   UID       PID  minflt/s  majflt/s     VSZ     RSS   %MEM  Command
11時54分55秒  1000     12731    463.60      0.00  418940   60476   0.09  tsurugidb

11時54分50秒   UID       PID   kB_rd/s   kB_wr/s kB_ccwr/s iodelay  Command
11時54分55秒  1000     12731      0.00     32.80      0.00       0  tsurugidb

11時54分55秒   UID       PID    %usr %system  %guest   %wait    %CPU   CPU  Command
11時55分00秒  1000     12731   15.40    0.20    0.00    0.00   15.60     4  tsurugidb

11時54分55秒   UID       PID  minflt/s  majflt/s     VSZ     RSS   %MEM  Command
11時55分00秒  1000     12731    508.40      0.00  418940   60228   0.09  tsurugidb

11時54分55秒   UID       PID   kB_rd/s   kB_wr/s kB_ccwr/s iodelay  Command
11時55分00秒  1000     12731      0.00     41.60      0.00       0  tsurugidb

11時55分00秒   UID       PID    %usr %system  %guest   %wait    %CPU   CPU  Command
11時55分05秒  1000     12731   14.60    0.40    0.00    0.00   15.00     4  tsurugidb

11時55分00秒   UID       PID  minflt/s  majflt/s     VSZ     RSS   %MEM  Command
11時55分05秒  1000     12731    427.40      0.00  418940   60612   0.09  tsurugidb

11時55分00秒   UID       PID   kB_rd/s   kB_wr/s kB_ccwr/s iodelay  Command
11時55分05秒  1000     12731      0.00     36.00      0.00       0  tsurugidb

11時55分05秒   UID       PID    %usr %system  %guest   %wait    %CPU   CPU  Command
11時55分10秒  1000     12731   14.60    0.60    0.00    0.00   15.20     4  tsurugidb

11時55分05秒   UID       PID  minflt/s  majflt/s     VSZ     RSS   %MEM  Command
11時55分10秒  1000     12731    492.20      0.00  418940   59904   0.09  tsurugidb

11時55分05秒   UID       PID   kB_rd/s   kB_wr/s kB_ccwr/s iodelay  Command
11時55分10秒  1000     12731      0.00     40.00      0.00       0  tsurugidb

11時55分10秒   UID       PID    %usr %system  %guest   %wait    %CPU   CPU  Command
11時55分15秒  1000     12731   15.00    0.60    0.00    0.00   15.60     4  tsurugidb

11時55分10秒   UID       PID  minflt/s  majflt/s     VSZ     RSS   %MEM  Command
11時55分15秒  1000     12731    493.40      0.00  418940   60236   0.09  tsurugidb

11時55分10秒   UID       PID   kB_rd/s   kB_wr/s kB_ccwr/s iodelay  Command
11時55分15秒  1000     12731      0.00     40.80      0.00       0  tsurugidb


Average:      UID       PID    %usr %system  %guest   %wait    %CPU   CPU  Command
Average:     1000     12731   14.82    0.49    0.00    0.00   15.31     -  tsurugidb

Average:      UID       PID  minflt/s  majflt/s     VSZ     RSS   %MEM  Command
Average:     1000     12731    479.17      0.00  418530   60120   0.09  tsurugidb

Average:      UID       PID   kB_rd/s   kB_wr/s kB_ccwr/s iodelay  Command
Average:     1000     12731      0.00     39.12      0.00       0  tsurugidb
